-------------------------------------------------------------------------------
Test set: CarritoTest
-------------------------------------------------------------------------------
Tests run: 1, Failures: 1, Errors: 0, Skipped: 0, Time elapsed: 0.029 s <<< FAILURE! - in CarritoTest
restarCantidadTest  Time elapsed: 0.024 s  <<< FAILURE!
org.opentest4j.AssertionFailedError: expected: <847> but was: <890>
	at CarritoTest.restarCantidadTest(CarritoTest.java:70)

