-------------------------------------------------------------------------------
Test set: GestionEmpleadosTest
-------------------------------------------------------------------------------
Tests run: 1, Failures: 1, Errors: 0, Skipped: 0, Time elapsed: 0.037 s <<< FAILURE! - in GestionEmpleadosTest
testAgregarEmpleado  Time elapsed: 0.028 s  <<< FAILURE!
org.opentest4j.AssertionFailedError: expected: <1> but was: <0>
	at GestionEmpleadosTest.testAgregarEmpleado(GestionEmpleadosTest.java:34)

